0 MetaInfoValidators found.
Doing my job...
Model 'FilemanDataModel' retrieved from StandardModelProvider
-
Creating code for artefact FronendHtmlTable...
Starting velocity engine for artefact 'FronendHtmlTable and with 'MainTemplate_FrontendHtmlTable.tpl'...
Creating file: C:\dev\eclipse\workspaces\Angular\FileServer\src\app\components\fileman-details\fileman-details.component.html
Generated content merged with content of
C:\dev\eclipse\workspaces\Angular\FileServer\src\app\components\fileman-details\fileman-details.component.html
Generated Content replaced in
C:\dev\eclipse\workspaces\Angular\FileServer\src\app\components\fileman-details\fileman-details.component.html
Generated content for artefact 'FronendHtmlTable' inserted into C:\dev\eclipse\workspaces\Angular\FileServer\src\app\components\fileman-details/fileman-details.component.html
Doing my job...
-
Creating code for artefact FrontendValidationErrors...
Starting velocity engine for artefact 'FrontendValidationErrors and with 'Template_FrontendValidationErrors.tpl'...
Creating file: C:\dev\eclipse\workspaces\Fileman\MOGLiCC\..\..\Angular\FileServer\src\app\components\fileman-details\fileman-details.component.html
Generated content merged with content of
C:\dev\eclipse\workspaces\Fileman\MOGLiCC\..\..\Angular\FileServer\src\app\components\fileman-details\fileman-details.component.html
Generated Content replaced in
C:\dev\eclipse\workspaces\Fileman\MOGLiCC\..\..\Angular\FileServer\src\app\components\fileman-details\fileman-details.component.html
Generated content for artefact 'FrontendValidationErrors' inserted into <applicationRootDir>/../../Angular/FileServer/src/app/components/fileman-details/fileman-details.component.html
Doing my job...
-
Creating code for artefact Template_FrontendFormControl...
Starting velocity engine for artefact 'Template_FrontendFormControl and with 'MainTemplate_FrontendFormControl.tpl'...
Creating file: C:\dev\eclipse\workspaces\Angular\FileServer\src\app\components\fileman-details\fileman-details.component.ts
Generated content merged with content of
C:\dev\eclipse\workspaces\Angular\FileServer\src\app\components\fileman-details\fileman-details.component.ts
Generated Content replaced in
C:\dev\eclipse\workspaces\Angular\FileServer\src\app\components\fileman-details\fileman-details.component.ts
Generated content for artefact 'Template_FrontendFormControl' inserted into C:\dev\eclipse\workspaces\Angular\FileServer\src\app\components\fileman-details/fileman-details.component.ts
Doing my job...
Done!