Nothing to do in initDefaultInputData!
-----
Setting velocity engine data:
 'VelocityEngineDataImpl [artefactType=Controller, templateDir=workspaces\fileman\input\VelocityClassBasedFileMaker\Controller, templateFileName=ControllerMainTemplate.tpl, model=BuildUpModel [name=FilemanDataModel, classNumber=8, metaInfoList=backendGenDir, backendSrcDir, frontendSrcDir, projectName, dateTimeFormat, namespace], generatorPluginId=VelocityClassBasedFileMaker]'...
startEngineEachClassIntoSeparateTargetFiles called
-
Engine started from VelocityClassBasedFileMaker
MainTemplate: C:\dev\eclipse\workspaces\Fileman\MOGLiCC\workspaces\fileman\input\VelocityClassBasedFileMaker\Controller/ControllerMainTemplate.tpl
Model FilemanDataModel received from VelocityClassBasedFileMaker
GeneratorResultData created for merging class 'FileData' with template 'ControllerMainTemplate.tpl'
GeneratorResultData created for merging class 'FileContentData' with template 'ControllerMainTemplate.tpl'
GeneratorResultData created for merging class 'FileMetaData' with template 'ControllerMainTemplate.tpl'
GeneratorResultData created for merging class 'User' with template 'ControllerMainTemplate.tpl'
GeneratorResultData created for merging class 'ExceptionMetaData' with template 'ControllerMainTemplate.tpl'
GeneratorResultData created for merging class 'UserCredentials' with template 'ControllerMainTemplate.tpl'
GeneratorResultData created for merging class 'UserAuthData' with template 'ControllerMainTemplate.tpl'
GeneratorResultData created for merging class 'FavouriteSetting' with template 'ControllerMainTemplate.tpl'
-----
-----
Setting velocity engine data:
 'VelocityEngineDataImpl [artefactType=Dao, templateDir=workspaces\fileman\input\VelocityClassBasedFileMaker\Dao, templateFileName=DaoMainTemplate.tpl, model=BuildUpModel [name=FilemanDataModel, classNumber=8, metaInfoList=backendGenDir, backendSrcDir, frontendSrcDir, projectName, dateTimeFormat, namespace], generatorPluginId=VelocityClassBasedFileMaker]'...
startEngineEachClassIntoSeparateTargetFiles called
-
Engine started from VelocityClassBasedFileMaker
MainTemplate: C:\dev\eclipse\workspaces\Fileman\MOGLiCC\workspaces\fileman\input\VelocityClassBasedFileMaker\Dao/DaoMainTemplate.tpl
Model FilemanDataModel received from VelocityClassBasedFileMaker
GeneratorResultData created for merging class 'FileData' with template 'DaoMainTemplate.tpl'
GeneratorResultData created for merging class 'FileContentData' with template 'DaoMainTemplate.tpl'
GeneratorResultData created for merging class 'FileMetaData' with template 'DaoMainTemplate.tpl'
GeneratorResultData created for merging class 'User' with template 'DaoMainTemplate.tpl'
GeneratorResultData created for merging class 'ExceptionMetaData' with template 'DaoMainTemplate.tpl'
GeneratorResultData created for merging class 'UserCredentials' with template 'DaoMainTemplate.tpl'
GeneratorResultData created for merging class 'UserAuthData' with template 'DaoMainTemplate.tpl'
GeneratorResultData created for merging class 'FavouriteSetting' with template 'DaoMainTemplate.tpl'
-----
-----
Setting velocity engine data:
 'VelocityEngineDataImpl [artefactType=DaoImplDraft, templateDir=workspaces\fileman\input\VelocityClassBasedFileMaker\DaoImplDraft, templateFileName=DaoImplMainTemplate.tpl, model=BuildUpModel [name=FilemanDataModel, classNumber=8, metaInfoList=backendGenDir, backendSrcDir, frontendSrcDir, projectName, dateTimeFormat, namespace], generatorPluginId=VelocityClassBasedFileMaker]'...
startEngineEachClassIntoSeparateTargetFiles called
-
Engine started from VelocityClassBasedFileMaker
MainTemplate: C:\dev\eclipse\workspaces\Fileman\MOGLiCC\workspaces\fileman\input\VelocityClassBasedFileMaker\DaoImplDraft/DaoImplMainTemplate.tpl
Model FilemanDataModel received from VelocityClassBasedFileMaker
GeneratorResultData created for merging class 'FileData' with template 'DaoImplMainTemplate.tpl'
GeneratorResultData created for merging class 'FileContentData' with template 'DaoImplMainTemplate.tpl'
GeneratorResultData created for merging class 'FileMetaData' with template 'DaoImplMainTemplate.tpl'
GeneratorResultData created for merging class 'User' with template 'DaoImplMainTemplate.tpl'
GeneratorResultData created for merging class 'ExceptionMetaData' with template 'DaoImplMainTemplate.tpl'
GeneratorResultData created for merging class 'UserCredentials' with template 'DaoImplMainTemplate.tpl'
GeneratorResultData created for merging class 'UserAuthData' with template 'DaoImplMainTemplate.tpl'
GeneratorResultData created for merging class 'FavouriteSetting' with template 'DaoImplMainTemplate.tpl'
-----
-----
Setting velocity engine data:
 'VelocityEngineDataImpl [artefactType=FrontendClass, templateDir=workspaces\fileman\input\VelocityClassBasedFileMaker\FrontendClass, templateFileName=MainTemplate_FrontendDataClass.tpl, model=BuildUpModel [name=FilemanDataModel, classNumber=8, metaInfoList=backendGenDir, backendSrcDir, frontendSrcDir, projectName, dateTimeFormat, namespace], generatorPluginId=VelocityClassBasedFileMaker]'...
startEngineEachClassIntoSeparateTargetFiles called
-
Engine started from VelocityClassBasedFileMaker
MainTemplate: C:\dev\eclipse\workspaces\Fileman\MOGLiCC\workspaces\fileman\input\VelocityClassBasedFileMaker\FrontendClass/MainTemplate_FrontendDataClass.tpl
Model FilemanDataModel received from VelocityClassBasedFileMaker
GeneratorResultData created for merging class 'FileData' with template 'MainTemplate_FrontendDataClass.tpl'
GeneratorResultData created for merging class 'FileContentData' with template 'MainTemplate_FrontendDataClass.tpl'
GeneratorResultData created for merging class 'FileMetaData' with template 'MainTemplate_FrontendDataClass.tpl'
GeneratorResultData created for merging class 'User' with template 'MainTemplate_FrontendDataClass.tpl'
GeneratorResultData created for merging class 'ExceptionMetaData' with template 'MainTemplate_FrontendDataClass.tpl'
GeneratorResultData created for merging class 'UserCredentials' with template 'MainTemplate_FrontendDataClass.tpl'
GeneratorResultData created for merging class 'UserAuthData' with template 'MainTemplate_FrontendDataClass.tpl'
GeneratorResultData created for merging class 'FavouriteSetting' with template 'MainTemplate_FrontendDataClass.tpl'
-----
-----
Setting velocity engine data:
 'VelocityEngineDataImpl [artefactType=MOGLiJavaBean, templateDir=workspaces\fileman\input\VelocityClassBasedFileMaker\MOGLiJavaBean, templateFileName=A_MainTemplate.tpl, model=BuildUpModel [name=FilemanDataModel, classNumber=8, metaInfoList=backendGenDir, backendSrcDir, frontendSrcDir, projectName, dateTimeFormat, namespace], generatorPluginId=VelocityClassBasedFileMaker]'...
startEngineEachClassIntoSeparateTargetFiles called
-
Engine started from VelocityClassBasedFileMaker
MainTemplate: C:\dev\eclipse\workspaces\Fileman\MOGLiCC\workspaces\fileman\input\VelocityClassBasedFileMaker\MOGLiJavaBean/A_MainTemplate.tpl
Model FilemanDataModel received from VelocityClassBasedFileMaker
GeneratorResultData created for merging class 'FileData' with template 'A_MainTemplate.tpl'
GeneratorResultData created for merging class 'FileContentData' with template 'A_MainTemplate.tpl'
GeneratorResultData created for merging class 'FileMetaData' with template 'A_MainTemplate.tpl'
GeneratorResultData created for merging class 'User' with template 'A_MainTemplate.tpl'
GeneratorResultData created for merging class 'ExceptionMetaData' with template 'A_MainTemplate.tpl'
GeneratorResultData created for merging class 'UserCredentials' with template 'A_MainTemplate.tpl'
GeneratorResultData created for merging class 'UserAuthData' with template 'A_MainTemplate.tpl'
GeneratorResultData created for merging class 'FavouriteSetting' with template 'A_MainTemplate.tpl'
-----
-----
Setting velocity engine data:
 'VelocityEngineDataImpl [artefactType=FronendHtmlTable, templateDir=workspaces\fileman\input\VelocityModelBasedLineInserter\FronendHtmlTable, templateFileName=MainTemplate_FrontendHtmlTable.tpl, model=BuildUpModel [name=FilemanDataModel, classNumber=8, metaInfoList=backendGenDir, backendSrcDir, frontendSrcDir, projectName, dateTimeFormat, namespace], generatorPluginId=VelocityModelBasedLineInserter]'...
startEngineAllClassesIntoSingleTargetFile called
-
Engine started from VelocityModelBasedLineInserter
MainTemplate: C:\dev\eclipse\workspaces\Fileman\MOGLiCC\workspaces\fileman\input\VelocityModelBasedLineInserter\FronendHtmlTable/MainTemplate_FrontendHtmlTable.tpl
Model FilemanDataModel received from VelocityModelBasedLineInserter
GeneratorResultData created for model merged with template 'MainTemplate_FrontendHtmlTable.tpl'
-----
-----
Setting velocity engine data:
 'VelocityEngineDataImpl [artefactType=FrontendValidationErrors, templateDir=workspaces\fileman\input\VelocityModelBasedLineInserter\FrontendValidationErrors, templateFileName=Template_FrontendValidationErrors.tpl, model=BuildUpModel [name=FilemanDataModel, classNumber=8, metaInfoList=backendGenDir, backendSrcDir, frontendSrcDir, projectName, dateTimeFormat, namespace], generatorPluginId=VelocityModelBasedLineInserter]'...
startEngineAllClassesIntoSingleTargetFile called
-
Engine started from VelocityModelBasedLineInserter
MainTemplate: C:\dev\eclipse\workspaces\Fileman\MOGLiCC\workspaces\fileman\input\VelocityModelBasedLineInserter\FrontendValidationErrors/Template_FrontendValidationErrors.tpl
Model FilemanDataModel received from VelocityModelBasedLineInserter
GeneratorResultData created for model merged with template 'Template_FrontendValidationErrors.tpl'
-----
-----
Setting velocity engine data:
 'VelocityEngineDataImpl [artefactType=Template_FrontendFormControl, templateDir=workspaces\fileman\input\VelocityModelBasedLineInserter\Template_FrontendFormControl, templateFileName=MainTemplate_FrontendFormControl.tpl, model=BuildUpModel [name=FilemanDataModel, classNumber=8, metaInfoList=backendGenDir, backendSrcDir, frontendSrcDir, projectName, dateTimeFormat, namespace], generatorPluginId=VelocityModelBasedLineInserter]'...
startEngineAllClassesIntoSingleTargetFile called
-
Engine started from VelocityModelBasedLineInserter
MainTemplate: C:\dev\eclipse\workspaces\Fileman\MOGLiCC\workspaces\fileman\input\VelocityModelBasedLineInserter\Template_FrontendFormControl/MainTemplate_FrontendFormControl.tpl
Model FilemanDataModel received from VelocityModelBasedLineInserter
GeneratorResultData created for model merged with template 'MainTemplate_FrontendFormControl.tpl'
-----